#
# A fatal error has been detected by the Java Runtime Environment:
#
#  EXCEPTION_ACCESS_VIOLATION (0xc0000005) at pc=0x0000000005faeeab, pid=10764, tid=0x0000000000001178
#
# JRE version: OpenJDK Runtime Environment (8.0_152-b02) (build 1.8.0_152-release-1024-b02)
# Java VM: OpenJDK 64-Bit Server VM (25.152-b02 mixed mode windows-amd64 compressed oops)
# Problematic frame:
# J 19171 C2 com.android.dx.dex.code.OutputFinisher.addConstants(Ljava/util/HashSet;Lcom/android/dx/dex/code/DalvInsn;)V (134 bytes) @ 0x0000000005faeeab [0x0000000005faee20+0x8b]
#
# Failed to write core dump. Minidumps are not enabled by default on client versions of Windows
#
# If you would like to submit a bug report, please visit:
#   http://bugreport.java.com/bugreport/crash.jsp
#

---------------  T H R E A D  ---------------

Current thread (0x000000001b779000):  JavaThread "ForkJoinPool.commonPool-worker-3" daemon [_thread_in_Java, id=4472, stack(0x000000002a9a0000,0x000000002aaa0000)]

siginfo: ExceptionCode=0xc0000005, reading address 0x0000000766348380

Registers:
RAX=0x0000000000000006, RBX=0x000000002000363d, RCX=0x000000010001b798, RDX=0x00000000eee09060
RSP=0x000000002aa9e850, RBP=0x00000000ed337248, RSI=0x00000000ecc69058, RDI=0x0000000015870640
R8 =0x00000000eee09070, R9 =0x000000010002b788, R10=0x00000007663481c0, R11=0x00000000ecc69058
R12=0x0000000000000000, R13=0x0000000000000001, R14=0x00000001007b80a0, R15=0x000000001b779000
RIP=0x0000000005faeeab, EFLAGS=0x0000000000010206

Top of Stack: (sp=0x000000002aa9e850)
0x000000002aa9e850:   00000001ecc68cd0 00000000eee09070
0x000000002aa9e860:   00000000eee09070 00000000a56d7470
0x000000002aa9e870:   00000000eee09060 00000003ee3f6f30
0x000000002aa9e880:   00000000eee09060 00000000e4560e20
0x000000002aa9e890:   e452f290ecca1b90 00000000ecca1b90
0x000000002aa9e8a0:   00000000e452f290 00000000eee08c50
0x000000002aa9e8b0:   00000000ecca1c40 00000000e48b3c30
0x000000002aa9e8c0:   0000000000000000 0000000000000001
0x000000002aa9e8d0:   00000000eedf1428 00000000ecca1c40
0x000000002aa9e8e0:   00000000ed337248 00000000060fdcd0
0x000000002aa9e8f0:   00000000ecca12d8 000000000592d18c
0x000000002aa9e900:   00000000ecca1708 0000000005e9bf3c
0x000000002aa9e910:   000000010004e138 0000000100000000
0x000000002aa9e920:   00000000eee09060 00000000ecca1018
0x000000002aa9e930:   0000007fed335908 00000001000c49d8
0x000000002aa9e940:   000000010004db78 00000001000c4db0 

Instructions: (pc=0x0000000005faeeab)
0x0000000005faee8b:   3d 36 00 20 0f 85 1b 02 00 00 4c 89 44 24 08 45
0x0000000005faee9b:   85 db 0f 84 59 3a 00 00 45 8b 53 08 49 c1 e2 03
0x0000000005faeeab:   4d 8b 92 c0 01 00 00 4c 3b d7 0f 85 8e 2a 00 00
0x0000000005faeebb:   4d 8b 13 4d 8b c2 49 83 e0 07 49 83 f8 01 0f 85 


Register to memory mapping:

RAX=0x0000000000000006 is an unknown value
RBX=0x000000002000363d is an unknown value
RCX=0x000000010001b798 is pointing into metadata
RDX=0x00000000eee09060 is an oop
java.util.HashSet 
 - klass: 'java/util/HashSet'
RSP=0x000000002aa9e850 is pointing into the stack for thread: 0x000000001b779000
RBP=0x00000000ed337248 is an oop
com.android.dx.dex.code.CstInsn 
 - klass: 'com/android/dx/dex/code/CstInsn'
RSI=0x00000000ecc69058 is an oop

[error occurred during error reporting (printing register info), id 0xc0000005]

Stack: [0x000000002a9a0000,0x000000002aaa0000],  sp=0x000000002aa9e850,  free space=1018k
Native frames: (J=compiled Java code, j=interpreted, Vv=VM code, C=native code)
C  0x0000000005faeeab


---------------  P R O C E S S  ---------------

Java Threads: ( => current thread )
  0x000000001b77b000 JavaThread "ForkJoinPool.commonPool-worker-0" daemon [_thread_blocked, id=12752, stack(0x000000002aaa0000,0x000000002aba0000)]
=>0x000000001b779000 JavaThread "ForkJoinPool.commonPool-worker-3" daemon [_thread_in_Java, id=4472, stack(0x000000002a9a0000,0x000000002aaa0000)]
  0x000000001b77f800 JavaThread "ForkJoinPool.commonPool-worker-2" daemon [_thread_in_vm, id=6440, stack(0x000000002a8a0000,0x000000002a9a0000)]
  0x000000001b779800 JavaThread "Cache worker for Java compile cache (C:\Users\surca 3\Dropbox\Project (2)\Project (3)\Project (1)\Project\.gradle\4.4\javaCompile)" [_thread_blocked, id=14480, stack(0x000000002a2a0000,0x000000002a3a0000)]
  0x000000001cce7000 JavaThread "Task worker for ':' Thread 3" [_thread_blocked, id=12868, stack(0x00000000294a0000,0x00000000295a0000)]
  0x000000001cce9000 JavaThread "Task worker for ':' Thread 2" [_thread_blocked, id=10848, stack(0x00000000293a0000,0x00000000294a0000)]
  0x000000001cce6000 JavaThread "Task worker for ':'" [_thread_blocked, id=15104, stack(0x00000000292a0000,0x00000000293a0000)]
  0x000000001cce3000 JavaThread "Cache worker for Build Output Cleanup Cache (C:\Users\surca 3\Dropbox\Project (2)\Project (3)\Project (1)\Project\.gradle\buildOutputCleanup)" [_thread_blocked, id=12240, stack(0x00000000291a0000,0x00000000292a0000)]
  0x000000001cce4000 JavaThread "Cache worker for task history cache (C:\Users\surca 3\Dropbox\Project (2)\Project (3)\Project (1)\Project\.gradle\4.4\taskHistory)" [_thread_blocked, id=6176, stack(0x00000000290a0000,0x00000000291a0000)]
  0x000000001cce8800 JavaThread "Cache worker for file content cache (C:\Users\surca 3\Dropbox\Project (2)\Project (3)\Project (1)\Project\.gradle\4.4\fileContent)" [_thread_blocked, id=1720, stack(0x0000000028fa0000,0x00000000290a0000)]
  0x000000001cce4800 JavaThread "build operations Thread 4" [_thread_blocked, id=7440, stack(0x0000000028ea0000,0x0000000028fa0000)]
  0x000000001cce7800 JavaThread "build operations Thread 3" [_thread_blocked, id=8496, stack(0x0000000028da0000,0x0000000028ea0000)]
  0x000000001ccdb800 JavaThread "build operations Thread 2" [_thread_blocked, id=4748, stack(0x0000000028ca0000,0x0000000028da0000)]
  0x000000001cce0000 JavaThread "build operations" [_thread_blocked, id=13364, stack(0x0000000028ba0000,0x0000000028ca0000)]
  0x000000001ccdf800 JavaThread "Cache worker for Artifact transforms cache (C:\Users\surca 3\.gradle\caches\transforms-1)" [_thread_blocked, id=11600, stack(0x0000000028aa0000,0x0000000028ba0000)]
  0x000000001cce2800 JavaThread "Cache worker for file hash cache (C:\Users\surca 3\Dropbox\Project (2)\Project (3)\Project (1)\Project\.gradle\4.4\fileHashes)" [_thread_blocked, id=14348, stack(0x00000000289a0000,0x0000000028aa0000)]
  0x000000001cce1800 JavaThread "Asynchronous log dispatcher for DefaultDaemonConnection: socket connection from /127.0.0.1:56403 to /127.0.0.1:57020" [_thread_blocked, id=8464, stack(0x00000000287a0000,0x00000000288a0000)]
  0x000000001ccdc800 JavaThread "Daemon worker Thread 4" [_thread_blocked, id=6084, stack(0x00000000286a0000,0x00000000287a0000)]
  0x000000001ccde000 JavaThread "Cancel handler" [_thread_blocked, id=11396, stack(0x00000000285a0000,0x00000000286a0000)]
  0x000000001ccda000 JavaThread "Handler for socket connection from /127.0.0.1:56403 to /127.0.0.1:57020" [_thread_in_native, id=12268, stack(0x00000000284a0000,0x00000000285a0000)]
  0x000000001ccdd000 JavaThread "Daemon Thread 4" [_thread_blocked, id=11664, stack(0x00000000283a0000,0x00000000284a0000)]
  0x000000001cce1000 JavaThread "Java2D Disposer" daemon [_thread_blocked, id=11472, stack(0x00000000261a0000,0x00000000262a0000)]
  0x0000000019907000 JavaThread "Memory manager" [_thread_blocked, id=14328, stack(0x00000000221a0000,0x00000000222a0000)]
  0x000000001904a800 JavaThread "File lock request listener" [_thread_in_native, id=14144, stack(0x000000001aca0000,0x000000001ada0000)]
  0x0000000018b79800 JavaThread "Cache worker for file hash cache (C:\Users\surca 3\.gradle\caches\4.4\fileHashes)" [_thread_blocked, id=14968, stack(0x000000001aba0000,0x000000001aca0000)]
  0x00000000184bd800 JavaThread "Daemon periodic checks" [_thread_blocked, id=8028, stack(0x000000001a0a0000,0x000000001a1a0000)]
  0x0000000018605000 JavaThread "Incoming local TCP Connector on port 56403" [_thread_in_native, id=5304, stack(0x0000000019e60000,0x0000000019f60000)]
  0x000000001626c000 JavaThread "Service Thread" daemon [_thread_blocked, id=10028, stack(0x0000000017f50000,0x0000000018050000)]
  0x0000000016268000 JavaThread "C1 CompilerThread2" daemon [_thread_blocked, id=12168, stack(0x0000000017a50000,0x0000000017b50000)]
  0x000000001620c000 JavaThread "C2 CompilerThread1" daemon [_thread_blocked, id=4040, stack(0x0000000017950000,0x0000000017a50000)]
  0x0000000016209000 JavaThread "C2 CompilerThread0" daemon [_thread_blocked, id=4404, stack(0x0000000017850000,0x0000000017950000)]
  0x0000000016218800 JavaThread "Attach Listener" daemon [_thread_blocked, id=6692, stack(0x0000000017750000,0x0000000017850000)]
  0x0000000016217800 JavaThread "Signal Dispatcher" daemon [_thread_blocked, id=3536, stack(0x0000000017650000,0x0000000017750000)]
  0x000000000289c000 JavaThread "Finalizer" daemon [_thread_blocked, id=14624, stack(0x0000000017460000,0x0000000017560000)]
  0x0000000002891000 JavaThread "Reference Handler" daemon [_thread_blocked, id=384, stack(0x0000000017360000,0x0000000017460000)]
  0x000000000279e800 JavaThread "main" [_thread_blocked, id=13184, stack(0x0000000002690000,0x0000000002790000)]

Other Threads:
  0x00000000161d4800 VMThread [stack: 0x0000000017260000,0x0000000017360000] [id=11744]
  0x000000001626d800 WatcherThread [stack: 0x0000000018050000,0x0000000018150000] [id=14240]

VM state:synchronizing (normal execution)

VM Mutex/Monitor currently owned by a thread:  ([mutex/lock_event])
[0x000000000279d3a0] Safepoint_lock - owner thread: 0x00000000161d4800
[0x000000000279cfa0] Threads_lock - owner thread: 0x00000000161d4800

Heap:
 PSYoungGen      total 286208K, used 248234K [0x00000000e0000000, 0x00000000f3100000, 0x0000000100000000)
  eden space 266240K, 91% used [0x00000000e0000000,0x00000000eee70a18,0x00000000f0400000)
  from space 19968K, 20% used [0x00000000f1d80000,0x00000000f217a0c0,0x00000000f3100000)
  to   space 23040K, 0% used [0x00000000f0400000,0x00000000f0400000,0x00000000f1a80000)
 ParOldGen       total 146432K, used 92844K [0x00000000a0000000, 0x00000000a8f00000, 0x00000000e0000000)
  object space 146432K, 63% used [0x00000000a0000000,0x00000000a5aab380,0x00000000a8f00000)
 Metaspace       used 86644K, capacity 90240K, committed 90456K, reserved 1128448K
  class space    used 10794K, capacity 11595K, committed 11648K, reserved 1048576K

Card table byte_map: [0x0000000011c60000,0x0000000011f70000] byte_map_base: 0x0000000011760000

Marking Bits: (ParMarkBitMap*) 0x000000005dc94970
 Begin Bits: [0x0000000012570000, 0x0000000013d70000)
 End Bits:   [0x0000000013d70000, 0x0000000015570000)

Polling page: 0x0000000000a20000

CodeCache: size=245760Kb used=56634Kb max_used=57410Kb free=189125Kb
 bounds [0x00000000028a0000, 0x0000000006130000, 0x00000000118a0000]
 total_blobs=16384 nmethods=15414 adapters=882
 compilation: enabled

Compilation events (10 events):
Event: 1187.955 Thread 0x000000001620c000 nmethod 19501 0x0000000006102490 code [0x0000000006103f00, 0x000000000610e938]
Event: 1187.991 Thread 0x000000001620c000 19593       4       com.android.dx.cf.iface.StdMember::<init> (69 bytes)
Event: 1187.995 Thread 0x000000001620c000 nmethod 19593 0x00000000060c4910 code [0x00000000060c4a40, 0x00000000060c4b38]
Event: 1187.995 Thread 0x000000001620c000 19594       4       com.android.dx.rop.type.Prototype::intern (43 bytes)
Event: 1188.034 Thread 0x0000000016209000 nmethod 19581 0x00000000050dbbd0 code [0x00000000050dc100, 0x00000000050df560]
Event: 1188.034 Thread 0x0000000016209000 19598       4       com.android.dx.cf.code.LineNumberList$Item::<init> (43 bytes)
Event: 1188.037 Thread 0x0000000016209000 nmethod 19598 0x00000000056c9010 code [0x00000000056c9140, 0x00000000056c91d8]
Event: 1188.037 Thread 0x0000000016209000 19596       4       com.android.dx.cf.direct.StdAttributeFactory::parse0 (568 bytes)
Event: 1188.164 Thread 0x0000000016268000 19606       3       com.android.dx.dex.code.OutputFinisher::performExpansion (273 bytes)
Event: 1188.176 Thread 0x0000000016268000 nmethod 19606 0x00000000056d0fd0 code [0x00000000056d1480, 0x00000000056d4bb8]

GC Heap History (10 events):
Event: 1081.233 GC heap before
{Heap before GC invocations=32 (full 4):
 PSYoungGen      total 189952K, used 166796K [0x00000000e0000000, 0x00000000eee00000, 0x0000000100000000)
  eden space 166912K, 99% used [0x00000000e0000000,0x00000000ea2e30c8,0x00000000ea300000)
  from space 23040K, 0% used [0x00000000ea300000,0x00000000ea300000,0x00000000eb980000)
  to   space 26112K, 0% used [0x00000000ed480000,0x00000000ed480000,0x00000000eee00000)
 ParOldGen       total 146432K, used 86100K [0x00000000a0000000, 0x00000000a8f00000, 0x00000000e0000000)
  object space 146432K, 58% used [0x00000000a0000000,0x00000000a5415358,0x00000000a8f00000)
 Metaspace       used 81865K, capacity 85144K, committed 85336K, reserved 1124352K
  class space    used 10356K, capacity 11107K, committed 11136K, reserved 1048576K
Event: 1081.260 GC heap after
Heap after GC invocations=32 (full 4):
 PSYoungGen      total 217088K, used 128K [0x00000000e0000000, 0x00000000efa80000, 0x0000000100000000)
  eden space 190976K, 0% used [0x00000000e0000000,0x00000000e0000000,0x00000000eba80000)
  from space 26112K, 0% used [0x00000000ed480000,0x00000000ed4a0000,0x00000000eee00000)
  to   space 26624K, 0% used [0x00000000eba80000,0x00000000eba80000,0x00000000ed480000)
 ParOldGen       total 146432K, used 86108K [0x00000000a0000000, 0x00000000a8f00000, 0x00000000e0000000)
  object space 146432K, 58% used [0x00000000a0000000,0x00000000a5417358,0x00000000a8f00000)
 Metaspace       used 81865K, capacity 85144K, committed 85336K, reserved 1124352K
  class space    used 10356K, capacity 11107K, committed 11136K, reserved 1048576K
}
Event: 1108.134 GC heap before
{Heap before GC invocations=33 (full 4):
 PSYoungGen      total 217088K, used 191104K [0x00000000e0000000, 0x00000000efa80000, 0x0000000100000000)
  eden space 190976K, 100% used [0x00000000e0000000,0x00000000eba80000,0x00000000eba80000)
  from space 26112K, 0% used [0x00000000ed480000,0x00000000ed4a0000,0x00000000eee00000)
  to   space 26624K, 0% used [0x00000000eba80000,0x00000000eba80000,0x00000000ed480000)
 ParOldGen       total 146432K, used 86108K [0x00000000a0000000, 0x00000000a8f00000, 0x00000000e0000000)
  object space 146432K, 58% used [0x00000000a0000000,0x00000000a5417358,0x00000000a8f00000)
 Metaspace       used 82422K, capacity 85810K, committed 85976K, reserved 1124352K
  class space    used 10451K, capacity 11234K, committed 11264K, reserved 1048576K
Event: 1108.159 GC heap after
Heap after GC invocations=33 (full 4):
 PSYoungGen      total 217600K, used 2692K [0x00000000e0000000, 0x00000000f1280000, 0x0000000100000000)
  eden space 190976K, 0% used [0x00000000e0000000,0x00000000e0000000,0x00000000eba80000)
  from space 26624K, 10% used [0x00000000eba80000,0x00000000ebd21278,0x00000000ed480000)
  to   space 26112K, 0% used [0x00000000ef900000,0x00000000ef900000,0x00000000f1280000)
 ParOldGen       total 146432K, used 86148K [0x00000000a0000000, 0x00000000a8f00000, 0x00000000e0000000)
  object space 146432K, 58% used [0x00000000a0000000,0x00000000a5421358,0x00000000a8f00000)
 Metaspace       used 82422K, capacity 85810K, committed 85976K, reserved 1124352K
  class space    used 10451K, capacity 11234K, committed 11264K, reserved 1048576K
}
Event: 1154.304 GC heap before
{Heap before GC invocations=34 (full 4):
 PSYoungGen      total 217600K, used 193668K [0x00000000e0000000, 0x00000000f1280000, 0x0000000100000000)
  eden space 190976K, 100% used [0x00000000e0000000,0x00000000eba80000,0x00000000eba80000)
  from space 26624K, 10% used [0x00000000eba80000,0x00000000ebd21278,0x00000000ed480000)
  to   space 26112K, 0% used [0x00000000ef900000,0x00000000ef900000,0x00000000f1280000)
 ParOldGen       total 146432K, used 86148K [0x00000000a0000000, 0x00000000a8f00000, 0x00000000e0000000)
  object space 146432K, 58% used [0x00000000a0000000,0x00000000a5421358,0x00000000a8f00000)
 Metaspace       used 86393K, capacity 89976K, committed 90200K, reserved 1128448K
  class space    used 10792K, capacity 11595K, committed 11648K, reserved 1048576K
Event: 1154.488 GC heap after
Heap after GC invocations=34 (full 4):
 PSYoungGen      total 245760K, used 9264K [0x00000000e0000000, 0x00000000f0c80000, 0x0000000100000000)
  eden space 225792K, 0% used [0x00000000e0000000,0x00000000e0000000,0x00000000edc80000)
  from space 19968K, 46% used [0x00000000ef900000,0x00000000f020c2d8,0x00000000f0c80000)
  to   space 24576K, 0% used [0x00000000edc80000,0x00000000edc80000,0x00000000ef480000)
 ParOldGen       total 146432K, used 86707K [0x00000000a0000000, 0x00000000a8f00000, 0x00000000e0000000)
  object space 146432K, 59% used [0x00000000a0000000,0x00000000a54acf50,0x00000000a8f00000)
 Metaspace       used 86393K, capacity 89976K, committed 90200K, reserved 1128448K
  class space    used 10792K, capacity 11595K, committed 11648K, reserved 1048576K
}
Event: 1169.764 GC heap before
{Heap before GC invocations=35 (full 4):
 PSYoungGen      total 245760K, used 235056K [0x00000000e0000000, 0x00000000f0c80000, 0x0000000100000000)
  eden space 225792K, 100% used [0x00000000e0000000,0x00000000edc80000,0x00000000edc80000)
  from space 19968K, 46% used [0x00000000ef900000,0x00000000f020c2d8,0x00000000f0c80000)
  to   space 24576K, 0% used [0x00000000edc80000,0x00000000edc80000,0x00000000ef480000)
 ParOldGen       total 146432K, used 86707K [0x00000000a0000000, 0x00000000a8f00000, 0x00000000e0000000)
  object space 146432K, 59% used [0x00000000a0000000,0x00000000a54acf50,0x00000000a8f00000)
 Metaspace       used 86598K, capacity 90240K, committed 90456K, reserved 1128448K
  class space    used 10793K, capacity 11595K, committed 11648K, reserved 1048576K
Event: 1170.103 GC heap after
Heap after GC invocations=35 (full 4):
 PSYoungGen      total 250368K, used 7384K [0x00000000e0000000, 0x00000000f3480000, 0x0000000100000000)
  eden space 225792K, 0% used [0x00000000e0000000,0x00000000e0000000,0x00000000edc80000)
  from space 24576K, 30% used [0x00000000edc80000,0x00000000ee3b6070,0x00000000ef480000)
  to   space 23552K, 0% used [0x00000000f1d80000,0x00000000f1d80000,0x00000000f3480000)
 ParOldGen       total 146432K, used 90076K [0x00000000a0000000, 0x00000000a8f00000, 0x00000000e0000000)
  object space 146432K, 61% used [0x00000000a0000000,0x00000000a57f7380,0x00000000a8f00000)
 Metaspace       used 86598K, capacity 90240K, committed 90456K, reserved 1128448K
  class space    used 10793K, capacity 11595K, committed 11648K, reserved 1048576K
}
Event: 1177.550 GC heap before
{Heap before GC invocations=36 (full 4):
 PSYoungGen      total 250368K, used 233176K [0x00000000e0000000, 0x00000000f3480000, 0x0000000100000000)
  eden space 225792K, 100% used [0x00000000e0000000,0x00000000edc80000,0x00000000edc80000)
  from space 24576K, 30% used [0x00000000edc80000,0x00000000ee3b6070,0x00000000ef480000)
  to   space 23552K, 0% used [0x00000000f1d80000,0x00000000f1d80000,0x00000000f3480000)
 ParOldGen       total 146432K, used 90076K [0x00000000a0000000, 0x00000000a8f00000, 0x00000000e0000000)
  object space 146432K, 61% used [0x00000000a0000000,0x00000000a57f7380,0x00000000a8f00000)
 Metaspace       used 86621K, capacity 90240K, committed 90456K, reserved 1128448K
  class space    used 10793K, capacity 11595K, committed 11648K, reserved 1048576K
Event: 1177.614 GC heap after
Heap after GC invocations=36 (full 4):
 PSYoungGen      total 286208K, used 4072K [0x00000000e0000000, 0x00000000f3100000, 0x0000000100000000)
  eden space 266240K, 0% used [0x00000000e0000000,0x00000000e0000000,0x00000000f0400000)
  from space 19968K, 20% used [0x00000000f1d80000,0x00000000f217a0c0,0x00000000f3100000)
  to   space 23040K, 0% used [0x00000000f0400000,0x00000000f0400000,0x00000000f1a80000)
 ParOldGen       total 146432K, used 92844K [0x00000000a0000000, 0x00000000a8f00000, 0x00000000e0000000)
  object space 146432K, 63% used [0x00000000a0000000,0x00000000a5aab380,0x00000000a8f00000)
 Metaspace       used 86621K, capacity 90240K, committed 90456K, reserved 1128448K
  class space    used 10793K, capacity 11595K, committed 11648K, reserved 1048576K
}

Deoptimization events (10 events):
Event: 1181.803 Thread 0x000000001b77f800 Uncommon trap: reason=bimorphic action=maybe_recompile pc=0x000000000603b7b0 method=com.android.dx.ssa.back.FirstFitLocalCombiningAllocator.findNextUnreservedRopReg(IILcom/android/dx/ssa/back/FirstFitLocalCombiningAllocator$Alignment;)I @ 60
Event: 1181.803 Thread 0x000000001b77f800 Uncommon trap: reason=class_check action=maybe_recompile pc=0x0000000005f8f498 method=com.android.dx.ssa.back.FirstFitLocalCombiningAllocator.findNextUnreservedRopReg(IILcom/android/dx/ssa/back/FirstFitLocalCombiningAllocator$Alignment;)I @ 60
Event: 1181.804 Thread 0x000000001b77f800 Uncommon trap: reason=class_check action=maybe_recompile pc=0x000000000371753c method=com.android.dx.ssa.back.FirstFitLocalCombiningAllocator.findNextUnreservedRopReg(IILcom/android/dx/ssa/back/FirstFitLocalCombiningAllocator$Alignment;)I @ 60
Event: 1181.806 Thread 0x000000001b77f800 Uncommon trap: reason=unstable_if action=reinterpret pc=0x0000000005f6c160 method=com.android.dx.ssa.SsaBasicBlock.scheduleMovesFromPhis()V @ 63
Event: 1181.820 Thread 0x000000001b77f800 Uncommon trap: reason=bimorphic action=maybe_recompile pc=0x000000000603b7b0 method=com.android.dx.ssa.back.FirstFitLocalCombiningAllocator.findNextUnreservedRopReg(IILcom/android/dx/ssa/back/FirstFitLocalCombiningAllocator$Alignment;)I @ 60
Event: 1181.830 Thread 0x000000001b77f800 Uncommon trap: reason=unstable_if action=reinterpret pc=0x0000000005de4b74 method=com.android.dx.ssa.SsaBasicBlock.scheduleMovesFromPhis()V @ 63
Event: 1182.555 Thread 0x000000001b77f800 Uncommon trap: reason=unstable_if action=reinterpret pc=0x00000000059146bc method=com.android.dx.rop.code.RegisterSpec.matchesVariable(Lcom/android/dx/rop/code/RegisterSpec;)Z @ 59
Event: 1185.855 Thread 0x000000001b779000 Uncommon trap: reason=unstable_if action=reinterpret pc=0x0000000005c1c044 method=com.android.dx.cf.code.BaseMachine.popArgs(Lcom/android/dx/cf/code/Frame;I)V @ 15
Event: 1186.140 Thread 0x000000001b779000 Uncommon trap: reason=bimorphic action=maybe_recompile pc=0x000000000603b7b0 method=com.android.dx.ssa.back.FirstFitLocalCombiningAllocator.findNextUnreservedRopReg(IILcom/android/dx/ssa/back/FirstFitLocalCombiningAllocator$Alignment;)I @ 60
Event: 1186.207 Thread 0x000000001b779000 Uncommon trap: reason=bimorphic action=maybe_recompile pc=0x000000000603b7b0 method=com.android.dx.ssa.back.FirstFitLocalCombiningAllocator.findNextUnreservedRopReg(IILcom/android/dx/ssa/back/FirstFitLocalCombiningAllocator$Alignment;)I @ 60

Classes redefined (0 events):
No events

Internal exceptions (10 events):
Event: 1179.250 Thread 0x000000001b779000 Exception <a 'sun/nio/fs/WindowsException'> (0x00000000e27d9fa8) thrown at [D:\src\AOSP-openjdk-cygwin\jdk8u\hotspot\src\share\vm\prims\jni.cpp, line 709]
Event: 1179.335 Thread 0x000000001b77f800 Exception <a 'sun/nio/fs/WindowsException'> (0x00000000e2aa29f0) thrown at [D:\src\AOSP-openjdk-cygwin\jdk8u\hotspot\src\share\vm\prims\jni.cpp, line 709]
Event: 1179.409 Thread 0x000000001b779000 Exception <a 'sun/nio/fs/WindowsException'> (0x00000000e28500f0) thrown at [D:\src\AOSP-openjdk-cygwin\jdk8u\hotspot\src\share\vm\prims\jni.cpp, line 709]
Event: 1179.878 Thread 0x000000001b77f800 Exception <a 'sun/nio/fs/WindowsException'> (0x00000000e307c480) thrown at [D:\src\AOSP-openjdk-cygwin\jdk8u\hotspot\src\share\vm\prims\jni.cpp, line 709]
Event: 1180.290 Thread 0x000000001b77f800 Exception <a 'sun/nio/fs/WindowsException'> (0x00000000e3d5d370) thrown at [D:\src\AOSP-openjdk-cygwin\jdk8u\hotspot\src\share\vm\prims\jni.cpp, line 709]
Event: 1180.420 Thread 0x000000001b779000 Exception <a 'sun/nio/fs/WindowsException'> (0x00000000e3c54180) thrown at [D:\src\AOSP-openjdk-cygwin\jdk8u\hotspot\src\share\vm\prims\jni.cpp, line 709]
Event: 1180.506 Thread 0x000000001b77b000 Exception <a 'sun/nio/fs/WindowsException'> (0x00000000e41086f8) thrown at [D:\src\AOSP-openjdk-cygwin\jdk8u\hotspot\src\share\vm\prims\jni.cpp, line 709]
Event: 1180.987 Thread 0x000000001b77f800 Exception <a 'sun/nio/fs/WindowsException'> (0x00000000e4f89278) thrown at [D:\src\AOSP-openjdk-cygwin\jdk8u\hotspot\src\share\vm\prims\jni.cpp, line 709]
Event: 1181.257 Thread 0x000000001b779000 Exception <a 'sun/nio/fs/WindowsException'> (0x00000000e58d8520) thrown at [D:\src\AOSP-openjdk-cygwin\jdk8u\hotspot\src\share\vm\prims\jni.cpp, line 709]
Event: 1183.012 Thread 0x000000001b77b000 Exception <a 'sun/nio/fs/WindowsException'> (0x00000000e82dd0f8) thrown at [D:\src\AOSP-openjdk-cygwin\jdk8u\hotspot\src\share\vm\prims\jni.cpp, line 709]

Events (10 events):
Event: 1187.405 Thread 0x0000000016209000 flushing nmethod 0x0000000005a39310
Event: 1187.406 Thread 0x0000000016209000 flushing nmethod 0x0000000005a44210
Event: 1187.434 Thread 0x0000000016209000 flushing nmethod 0x0000000005a88c10
Event: 1187.434 Thread 0x0000000016209000 flushing nmethod 0x0000000005ae1410
Event: 1187.434 Thread 0x0000000016209000 flushing nmethod 0x0000000005ae3210
Event: 1187.434 Thread 0x0000000016209000 flushing nmethod 0x0000000005b39550
Event: 1187.435 Thread 0x0000000016209000 flushing nmethod 0x0000000005ba7190
Event: 1187.435 Thread 0x0000000016209000 flushing nmethod 0x0000000005bc7dd0
Event: 1187.435 Thread 0x0000000016209000 flushing nmethod 0x0000000005bf3450
Event: 1187.437 Thread 0x0000000016209000 flushing nmethod 0x0000000005e74810


Dynamic libraries:
0x00007ff69f840000 - 0x00007ff69f871000 	C:\Program Files\Android\Android Studio\jre\bin\java.exe
0x00007ffd60ea0000 - 0x00007ffd61081000 	C:\WINDOWS\SYSTEM32\ntdll.dll
0x00007ffd5f930000 - 0x00007ffd5f9e2000 	C:\WINDOWS\System32\KERNEL32.DLL
0x00007ffd5e000000 - 0x00007ffd5e273000 	C:\WINDOWS\System32\KERNELBASE.dll
0x00007ffd5f9f0000 - 0x00007ffd5fa91000 	C:\WINDOWS\System32\ADVAPI32.dll
0x00007ffd606d0000 - 0x00007ffd6076e000 	C:\WINDOWS\System32\msvcrt.dll
0x00007ffd5f8d0000 - 0x00007ffd5f92b000 	C:\WINDOWS\System32\sechost.dll
0x00007ffd5e330000 - 0x00007ffd5e454000 	C:\WINDOWS\System32\RPCRT4.dll
0x00007ffd607e0000 - 0x00007ffd60970000 	C:\WINDOWS\System32\USER32.dll
0x00007ffd5d2f0000 - 0x00007ffd5d310000 	C:\WINDOWS\System32\win32u.dll
0x00007ffd60500000 - 0x00007ffd60528000 	C:\WINDOWS\System32\GDI32.dll
0x00007ffd5de60000 - 0x00007ffd5dff2000 	C:\WINDOWS\System32\gdi32full.dll
0x00007ffd5dad0000 - 0x00007ffd5db6f000 	C:\WINDOWS\System32\msvcp_win.dll
0x00007ffd5db70000 - 0x00007ffd5dc6a000 	C:\WINDOWS\System32\ucrtbase.dll
0x00007ffd50b90000 - 0x00007ffd50df9000 	C:\WINDOWS\WinSxS\amd64_microsoft.windows.common-controls_6595b64144ccf1df_6.0.17134.165_none_fb429645306569ac\COMCTL32.dll
0x00007ffd5faa0000 - 0x00007ffd5fdc3000 	C:\WINDOWS\System32\combase.dll
0x00007ffd5d270000 - 0x00007ffd5d2ea000 	C:\WINDOWS\System32\bcryptPrimitives.dll
0x00007ffd5e460000 - 0x00007ffd5e48d000 	C:\WINDOWS\System32\IMM32.DLL
0x000000005d310000 - 0x000000005d3e2000 	C:\Program Files\Android\Android Studio\jre\jre\bin\msvcr100.dll
0x000000005d4d0000 - 0x000000005dd0f000 	C:\Program Files\Android\Android Studio\jre\jre\bin\server\jvm.dll
0x00007ffd60c80000 - 0x00007ffd60c88000 	C:\WINDOWS\System32\PSAPI.DLL
0x00007ffd560f0000 - 0x00007ffd560f9000 	C:\WINDOWS\SYSTEM32\WSOCK32.dll
0x00007ffd602a0000 - 0x00007ffd6030c000 	C:\WINDOWS\System32\WS2_32.dll
0x00007ffd598e0000 - 0x00007ffd59903000 	C:\WINDOWS\SYSTEM32\WINMM.dll
0x00007ffd49920000 - 0x00007ffd4992a000 	C:\WINDOWS\SYSTEM32\VERSION.dll
0x00007ffd598b0000 - 0x00007ffd598da000 	C:\WINDOWS\SYSTEM32\WINMMBASE.dll
0x00007ffd5d310000 - 0x00007ffd5d359000 	C:\WINDOWS\System32\cfgmgr32.dll
0x00007ffd56020000 - 0x00007ffd5602f000 	C:\Program Files\Android\Android Studio\jre\jre\bin\verify.dll
0x00007ffd3ce10000 - 0x00007ffd3ce39000 	C:\Program Files\Android\Android Studio\jre\jre\bin\java.dll
0x00007ffd44980000 - 0x00007ffd44996000 	C:\Program Files\Android\Android Studio\jre\jre\bin\zip.dll
0x00007ffd5e490000 - 0x00007ffd5f8d0000 	C:\WINDOWS\System32\SHELL32.dll
0x00007ffd60c90000 - 0x00007ffd60d39000 	C:\WINDOWS\System32\shcore.dll
0x00007ffd5d360000 - 0x00007ffd5da6d000 	C:\WINDOWS\System32\windows.storage.dll
0x00007ffd60e10000 - 0x00007ffd60e61000 	C:\WINDOWS\System32\shlwapi.dll
0x00007ffd5d230000 - 0x00007ffd5d241000 	C:\WINDOWS\System32\kernel.appcore.dll
0x00007ffd5d1c0000 - 0x00007ffd5d1df000 	C:\WINDOWS\System32\profapi.dll
0x00007ffd5d1e0000 - 0x00007ffd5d22c000 	C:\WINDOWS\System32\powrprof.dll
0x00007ffd5d1b0000 - 0x00007ffd5d1ba000 	C:\WINDOWS\System32\FLTLIB.DLL
0x00007ffd43c90000 - 0x00007ffd43caa000 	C:\Program Files\Android\Android Studio\jre\jre\bin\net.dll
0x00007ffd5ca30000 - 0x00007ffd5ca96000 	C:\WINDOWS\system32\mswsock.dll
0x00007ffd42450000 - 0x00007ffd42461000 	C:\Program Files\Android\Android Studio\jre\jre\bin\nio.dll
0x00007ffd56030000 - 0x00007ffd5604e000 	C:\Users\surca 3\.gradle\native\25\windows-amd64\native-platform.dll
0x00007ffd59980000 - 0x00007ffd5998d000 	C:\Program Files\Android\Android Studio\jre\jre\bin\management.dll
0x00007ffd5cbe0000 - 0x00007ffd5cbf7000 	C:\WINDOWS\SYSTEM32\CRYPTSP.dll
0x00007ffd5c610000 - 0x00007ffd5c643000 	C:\WINDOWS\system32\rsaenh.dll
0x00007ffd5cd10000 - 0x00007ffd5cd35000 	C:\WINDOWS\SYSTEM32\bcrypt.dll
0x00007ffd5d0e0000 - 0x00007ffd5d108000 	C:\WINDOWS\SYSTEM32\USERENV.dll
0x00007ffd5cc00000 - 0x00007ffd5cc0b000 	C:\WINDOWS\SYSTEM32\CRYPTBASE.dll
0x00007ffd5c7b0000 - 0x00007ffd5c7e8000 	C:\WINDOWS\SYSTEM32\IPHLPAPI.DLL
0x00007ffd60390000 - 0x00007ffd60398000 	C:\WINDOWS\System32\NSI.dll
0x00007ffd526e0000 - 0x00007ffd526f6000 	C:\WINDOWS\SYSTEM32\dhcpcsvc6.DLL
0x00007ffd53ea0000 - 0x00007ffd53eba000 	C:\WINDOWS\SYSTEM32\dhcpcsvc.DLL
0x00007ffd4f950000 - 0x00007ffd4f974000 	C:\Program Files\Android\Android Studio\jre\jre\bin\sunec.dll
0x00007ffd5c7f0000 - 0x00007ffd5c8ae000 	C:\WINDOWS\SYSTEM32\DNSAPI.dll
0x00007ffd52370000 - 0x00007ffd5237a000 	C:\Windows\System32\rasadhlp.dll
0x00007ffd51460000 - 0x00007ffd514d2000 	C:\WINDOWS\System32\fwpuclnt.dll
0x00007ffd59940000 - 0x00007ffd5994b000 	C:\Program Files\Android\Android Studio\jre\jre\bin\sunmscapi.dll
0x00007ffd5dc70000 - 0x00007ffd5de52000 	C:\WINDOWS\System32\CRYPT32.dll
0x00007ffd5d250000 - 0x00007ffd5d262000 	C:\WINDOWS\System32\MSASN1.dll
0x00007ffd29490000 - 0x00007ffd29626000 	C:\Program Files\Android\Android Studio\jre\jre\bin\awt.dll
0x00007ffd60d40000 - 0x00007ffd60e02000 	C:\WINDOWS\System32\OLEAUT32.dll
0x00007ffd5a2e0000 - 0x00007ffd5a8a7000 	C:\WINDOWS\SYSTEM32\d2d1.dll
0x00007ffd5b030000 - 0x00007ffd5b0bb000 	C:\WINDOWS\SYSTEM32\apphelp.dll
0x00007ffd5b460000 - 0x00007ffd5b489000 	C:\WINDOWS\system32\DWMAPI.DLL
0x00007ffd5b210000 - 0x00007ffd5b2a8000 	C:\WINDOWS\system32\uxtheme.dll
0x00007ffd5c2a0000 - 0x00007ffd5c2d1000 	C:\WINDOWS\SYSTEM32\ntmarta.dll
0x00007ffd5b970000 - 0x00007ffd5bb39000 	C:\WINDOWS\SYSTEM32\dbghelp.dll

VM Arguments:
jvm_args: -Xmx1536m -Dfile.encoding=windows-1251 -Duser.country=US -Duser.language=en -Duser.variant 
java_command: org.gradle.launcher.daemon.bootstrap.GradleDaemon 4.4
java_class_path (initial): C:\Users\surca 3\.gradle\wrapper\dists\gradle-4.4-all\9br9xq1tocpiv8o6njlyu5op1\gradle-4.4\lib\gradle-launcher-4.4.jar
Launcher Type: SUN_STANDARD

Environment Variables:
PATH=C:\Program Files (x86)\Common Files\Oracle\Java\javapath;C:\WINDOWS\system32;C:\WINDOWS;C:\WINDOWS\System32\Wbem;C:\WINDOWS\System32\WindowsPowerShell\v1.0\;C:\WINDOWS\System32\OpenSSH\;C:\Program Files\Microsoft VS Code\bin;C:\Program Files\Git\cmd;C:\wamp64\bin\mysql\mysql5.7.21\bin;C:\Program Files (x86)\Microsoft SQL Server\Client SDK\ODBC\130\Tools\Binn\;C:\Program Files (x86)\Microsoft SQL Server\140\Tools\Binn\;C:\Program Files (x86)\Microsoft SQL Server\140\DTS\Binn\;C:\Program Files (x86)\Microsoft SQL Server\140\Tools\Binn\ManagementStudio\;C:\Users\surca 3\AppData\Local\Microsoft\WindowsApps;
USERNAME=surface
OS=Windows_NT
PROCESSOR_IDENTIFIER=Intel64 Family 6 Model 76 Stepping 3, GenuineIntel



---------------  S Y S T E M  ---------------

OS: Windows 10.0 , 64 bit Build 17134 (10.0.17134.1)

CPU:total 4 (initial active 4) (4 cores per cpu, 1 threads per core) family 6 model 76 stepping 3, cmov, cx8, fxsr, mmx, sse, sse2, sse3, ssse3, sse4.1, sse4.2, popcnt, aes, clmul, erms, 3dnowpref, tsc, tscinvbit

Memory: 4k page, physical 4108528k(331252k free), swap 8857888k(1336908k free)

vm_info: OpenJDK 64-Bit Server VM (25.152-b02) for windows-amd64 JRE (1.8.0_152-release-1024-b02), built by "builder" with MS VC++ 10.0 (VS2010)

time: Wed Jul 25 22:45:42 2018
elapsed time: 1189 seconds (0d 0h 19m 49s)

